<<<<<<< HEAD
2015-04-13 21:08:39,143 - [INFO] - from play in pool-4-thread-1 
Listening for HTTP on /0:0:0:0:0:0:0:0:9000

2015-04-13 21:08:43,009 - [INFO] - from play in play-internal-execution-context-1 
datasource [jdbc:h2:mem:play] bound to JNDI as DefaultDS

2015-04-13 21:08:43,190 - [INFO] - from play in play-internal-execution-context-1 
database [default] connected at jdbc:h2:mem:play

2015-04-13 21:08:44,640 - [INFO] - from play in play-internal-execution-context-1 
Application started (Dev)

2015-04-13 21:41:01,221 - [INFO] - from play in play-internal-execution-context-1 
datasource [jdbc:h2:mem:play] bound to JNDI as DefaultDS

2015-04-13 21:41:01,223 - [INFO] - from play in play-internal-execution-context-1 
database [default] connected at jdbc:h2:mem:play

2015-04-13 21:41:01,273 - [INFO] - from play in play-internal-execution-context-1 
Application started (Dev)

2015-04-13 21:41:10,386 - [ERROR] - from play in play-akka.actor.default-dispatcher-20 
Cannot invoke the action, eventually got an error: java.lang.IllegalArgumentException: Not an entity:class java.lang.Class

2015-04-13 21:41:10,402 - [ERROR] - from application in play-akka.actor.default-dispatcher-20 


! @6lnk5gine - Internal server error, for (GET) [/register?email=j%40j&password=ss] ->

play.api.Application$$anon$1: Execution exception[[IllegalArgumentException: Not an entity:class java.lang.Class]]
	at play.api.Application$class.handleError(Application.scala:296) ~[play_2.11-2.3.7.jar:2.3.7]
	at play.api.DefaultApplication.handleError(Application.scala:402) [play_2.11-2.3.7.jar:2.3.7]
	at play.core.server.netty.PlayDefaultUpstreamHandler$$anonfun$3$$anonfun$applyOrElse$4.apply(PlayDefaultUpstreamHandler.scala:320) [play_2.11-2.3.7.jar:2.3.7]
	at play.core.server.netty.PlayDefaultUpstreamHandler$$anonfun$3$$anonfun$applyOrElse$4.apply(PlayDefaultUpstreamHandler.scala:320) [play_2.11-2.3.7.jar:2.3.7]
	at scala.Option.map(Option.scala:145) [scala-library-2.11.1.jar:na]
	at play.core.server.netty.PlayDefaultUpstreamHandler$$anonfun$3.applyOrElse(PlayDefaultUpstreamHandler.scala:320) [play_2.11-2.3.7.jar:2.3.7]
	at play.core.server.netty.PlayDefaultUpstreamHandler$$anonfun$3.applyOrElse(PlayDefaultUpstreamHandler.scala:316) [play_2.11-2.3.7.jar:2.3.7]
	at scala.concurrent.Future$$anonfun$recoverWith$1.apply(Future.scala:344) [scala-library-2.11.1.jar:na]
	at scala.concurrent.Future$$anonfun$recoverWith$1.apply(Future.scala:343) [scala-library-2.11.1.jar:na]
	at scala.concurrent.impl.CallbackRunnable.run(Promise.scala:32) [scala-library-2.11.1.jar:na]
	at play.api.libs.iteratee.Execution$trampoline$.execute(Execution.scala:46) [play-iteratees_2.11-2.3.7.jar:2.3.7]
	at scala.concurrent.impl.CallbackRunnable.executeWithValue(Promise.scala:40) [scala-library-2.11.1.jar:na]
	at scala.concurrent.impl.Promise$DefaultPromise.tryComplete(Promise.scala:248) [scala-library-2.11.1.jar:na]
	at scala.concurrent.Promise$class.complete(Promise.scala:55) [scala-library-2.11.1.jar:na]
	at scala.concurrent.impl.Promise$DefaultPromise.complete(Promise.scala:153) [scala-library-2.11.1.jar:na]
	at scala.concurrent.impl.Future$PromiseCompletingRunnable.run(Future.scala:23) [scala-library-2.11.1.jar:na]
	at akka.dispatch.TaskInvocation.run(AbstractDispatcher.scala:41) [akka-actor_2.11-2.3.4.jar:na]
	at akka.dispatch.ForkJoinExecutorConfigurator$AkkaForkJoinTask.exec(AbstractDispatcher.scala:393) [akka-actor_2.11-2.3.4.jar:na]
	at scala.concurrent.forkjoin.ForkJoinTask.doExec(ForkJoinTask.java:260) [scala-library-2.11.1.jar:na]
	at scala.concurrent.forkjoin.ForkJoinPool$WorkQueue.runTask(ForkJoinPool.java:1339) [scala-library-2.11.1.jar:na]
	at scala.concurrent.forkjoin.ForkJoinPool.runWorker(ForkJoinPool.java:1979) [scala-library-2.11.1.jar:na]
	at scala.concurrent.forkjoin.ForkJoinWorkerThread.run(ForkJoinWorkerThread.java:107) [scala-library-2.11.1.jar:na]
Caused by: java.lang.IllegalArgumentException: Not an entity:class java.lang.Class
	at org.hibernate.jpa.spi.AbstractEntityManagerImpl.contains(AbstractEntityManagerImpl.java:1284) ~[hibernate-entitymanager-4.3.6.Final.jar:4.3.6.Final]
	at models.Person.findById(Person.java:31) ~[classes/:na]
	at controllers.Authentication.register(Authentication.java:23) ~[classes/:2.3.7]
	at Routes$$anonfun$routes$1$$anonfun$applyOrElse$2$$anonfun$apply$2.apply(routes_routing.scala:74) ~[classes/:na]
	at Routes$$anonfun$routes$1$$anonfun$applyOrElse$2$$anonfun$apply$2.apply(routes_routing.scala:74) ~[classes/:na]
	at play.core.Router$HandlerInvokerFactory$$anon$4.resultCall(Router.scala:264) ~[play_2.11-2.3.7.jar:2.3.7]
	at play.core.Router$HandlerInvokerFactory$JavaActionInvokerFactory$$anon$15$$anon$1.invocation(Router.scala:255) ~[play_2.11-2.3.7.jar:2.3.7]
	at play.core.j.JavaAction$$anon$1.call(JavaAction.scala:55) ~[play_2.11-2.3.7.jar:2.3.7]
	at play.db.jpa.TransactionalAction$1.apply(TransactionalAction.java:23) ~[play-java-jpa_2.11-2.3.7.jar:2.3.7]
	at play.db.jpa.TransactionalAction$1.apply(TransactionalAction.java:21) ~[play-java-jpa_2.11-2.3.7.jar:2.3.7]
	at play.db.jpa.JPA.withTransactionAsync(JPA.java:180) ~[play-java-jpa_2.11-2.3.7.jar:2.3.7]
	at play.db.jpa.TransactionalAction.call(TransactionalAction.java:18) ~[play-java-jpa_2.11-2.3.7.jar:2.3.7]
	at play.core.j.JavaAction$$anonfun$11.apply(JavaAction.scala:82) ~[play_2.11-2.3.7.jar:2.3.7]
	at play.core.j.JavaAction$$anonfun$11.apply(JavaAction.scala:82) ~[play_2.11-2.3.7.jar:2.3.7]
	at scala.concurrent.impl.Future$PromiseCompletingRunnable.liftedTree1$1(Future.scala:24) [scala-library-2.11.1.jar:na]
	at scala.concurrent.impl.Future$PromiseCompletingRunnable.run(Future.scala:24) [scala-library-2.11.1.jar:na]
	at play.core.j.HttpExecutionContext$$anon$2.run(HttpExecutionContext.scala:40) ~[play_2.11-2.3.7.jar:2.3.7]
	at play.api.libs.iteratee.Execution$trampoline$.execute(Execution.scala:46) [play-iteratees_2.11-2.3.7.jar:2.3.7]
	at play.core.j.HttpExecutionContext.execute(HttpExecutionContext.scala:32) ~[play_2.11-2.3.7.jar:2.3.7]
	at scala.concurrent.impl.Future$.apply(Future.scala:31) ~[scala-library-2.11.1.jar:na]
	at scala.concurrent.Future$.apply(Future.scala:492) ~[scala-library-2.11.1.jar:na]
	at play.core.j.JavaAction$class.apply(JavaAction.scala:82) ~[play_2.11-2.3.7.jar:2.3.7]
	at play.core.Router$HandlerInvokerFactory$JavaActionInvokerFactory$$anon$15$$anon$1.apply(Router.scala:252) ~[play_2.11-2.3.7.jar:2.3.7]
	at play.api.mvc.Action$$anonfun$apply$1$$anonfun$apply$4$$anonfun$apply$5.apply(Action.scala:130) ~[play_2.11-2.3.7.jar:2.3.7]
	at play.api.mvc.Action$$anonfun$apply$1$$anonfun$apply$4$$anonfun$apply$5.apply(Action.scala:130) ~[play_2.11-2.3.7.jar:2.3.7]
	at play.utils.Threads$.withContextClassLoader(Threads.scala:21) ~[play_2.11-2.3.7.jar:2.3.7]
	at play.api.mvc.Action$$anonfun$apply$1$$anonfun$apply$4.apply(Action.scala:129) ~[play_2.11-2.3.7.jar:2.3.7]
	at play.api.mvc.Action$$anonfun$apply$1$$anonfun$apply$4.apply(Action.scala:128) ~[play_2.11-2.3.7.jar:2.3.7]
	at scala.Option.map(Option.scala:145) [scala-library-2.11.1.jar:na]
	at play.api.mvc.Action$$anonfun$apply$1.apply(Action.scala:128) ~[play_2.11-2.3.7.jar:2.3.7]
	at play.api.mvc.Action$$anonfun$apply$1.apply(Action.scala:121) ~[play_2.11-2.3.7.jar:2.3.7]
	at play.api.libs.iteratee.Iteratee$$anonfun$mapM$1.apply(Iteratee.scala:483) ~[play-iteratees_2.11-2.3.7.jar:2.3.7]
	at play.api.libs.iteratee.Iteratee$$anonfun$mapM$1.apply(Iteratee.scala:483) ~[play-iteratees_2.11-2.3.7.jar:2.3.7]
	at play.api.libs.iteratee.Iteratee$$anonfun$flatMapM$1.apply(Iteratee.scala:519) ~[play-iteratees_2.11-2.3.7.jar:2.3.7]
	at play.api.libs.iteratee.Iteratee$$anonfun$flatMapM$1.apply(Iteratee.scala:519) ~[play-iteratees_2.11-2.3.7.jar:2.3.7]
	at play.api.libs.iteratee.Iteratee$$anonfun$flatMap$1$$anonfun$apply$14.apply(Iteratee.scala:496) ~[play-iteratees_2.11-2.3.7.jar:2.3.7]
	at play.api.libs.iteratee.Iteratee$$anonfun$flatMap$1$$anonfun$apply$14.apply(Iteratee.scala:496) ~[play-iteratees_2.11-2.3.7.jar:2.3.7]
	at scala.concurrent.impl.Future$PromiseCompletingRunnable.liftedTree1$1(Future.scala:24) [scala-library-2.11.1.jar:na]
	at scala.concurrent.impl.Future$PromiseCompletingRunnable.run(Future.scala:24) [scala-library-2.11.1.jar:na]
	... 6 common frames omitted

2015-04-13 22:37:39,365 - [INFO] - from play in play-internal-execution-context-1 
datasource [jdbc:h2:mem:play] bound to JNDI as DefaultDS

2015-04-13 22:37:39,367 - [INFO] - from play in play-internal-execution-context-1 
database [default] connected at jdbc:h2:mem:play

2015-04-13 22:37:39,440 - [INFO] - from play in play-internal-execution-context-1 
=======
2015-03-19 21:09:22,780 - [INFO] - from play in pool-4-thread-1 
Listening for HTTP on /0:0:0:0:0:0:0:0:9000

2015-03-19 21:09:48,906 - [INFO] - from play in play-internal-execution-context-1 
datasource [jdbc:h2:mem:play] bound to JNDI as DefaultDS

2015-03-19 21:09:49,082 - [INFO] - from play in play-internal-execution-context-1 
database [default] connected at jdbc:h2:mem:play

2015-03-19 21:09:50,493 - [INFO] - from play in play-internal-execution-context-1 
>>>>>>> a54ced625c084fa0275ca8640b298fa9384c90b4
Application started (Dev)

